This is pdfTeX, Version 3.1415926-1.40.10 (MiKTeX 2.8) (preloaded format=pdflatex 2010.1.19)  19 DEC 2010 15:52
entering extended mode
**D:/3DCosmos/3DCosmos/Documentation/manual.tex
(D:/3DCosmos/3DCosmos/Documentation/manual.tex
LaTeX2e <2009/09/24>
Babel <v3.8l> and hyphenation patterns for english, dumylang, nohyphenation, ge
rman, ngerman, german-x-2009-06-19, ngerman-x-2009-06-19, french, loaded.
("C:\Program Files (x86)\MiKTeX 2.8\tex\latex\base\book.cls"
Document Class: book 2007/10/19 v1.4h Standard LaTeX document class
("C:\Program Files (x86)\MiKTeX 2.8\tex\latex\base\bk10.clo"
File: bk10.clo 2007/10/19 v1.4h Standard LaTeX file (size option)
)
\c@part=\count79
\c@chapter=\count80
\c@section=\count81
\c@subsection=\count82
\c@subsubsection=\count83
\c@paragraph=\count84
\c@subparagraph=\count85
\c@figure=\count86
\c@table=\count87
\abovecaptionskip=\skip41
\belowcaptionskip=\skip42
\bibindent=\dimen102
)
("C:\Program Files (x86)\MiKTeX 2.8\tex\latex\hyperref\hyperref.sty"
Package: hyperref 2009/10/19 v6.79b Hypertext links for LaTeX

("C:\Program Files (x86)\MiKTeX 2.8\tex\latex\graphics\keyval.sty"
Package: keyval 1999/03/16 v1.13 key=value parser (DPC)
\KV@toks@=\toks14
)
("C:\Program Files (x86)\MiKTeX 2.8\tex\generic\oberdiek\ifpdf.sty"
Package: ifpdf 2009/04/10 v2.0 Provides the ifpdf switch (HO)
Package ifpdf Info: pdfTeX in pdf mode detected.
)
("C:\Program Files (x86)\MiKTeX 2.8\tex\generic\oberdiek\ifvtex.sty"
Package: ifvtex 2008/11/04 v1.4 Switches for detecting VTeX and its modes (HO)
Package ifvtex Info: VTeX not detected.
)
("C:\Program Files (x86)\MiKTeX 2.8\tex\latex\ifxetex\ifxetex.sty"
Package: ifxetex 2009/01/23 v0.5 Provides ifxetex conditional
)
("C:\Program Files (x86)\MiKTeX 2.8\tex\latex\oberdiek\hycolor.sty"
Package: hycolor 2009/10/02 v1.5 Code for color options of hyperref/bookmark (H
O)

("C:\Program Files (x86)\MiKTeX 2.8\tex\latex\oberdiek\xcolor-patch.sty"
Package: xcolor-patch 2009/10/02 xcolor patch
))
\@linkdim=\dimen103
\Hy@linkcounter=\count88
\Hy@pagecounter=\count89

("C:\Program Files (x86)\MiKTeX 2.8\tex\latex\hyperref\pd1enc.def"
File: pd1enc.def 2009/10/19 v6.79b Hyperref: PDFDocEncoding definition (HO)
)
("C:\Program Files (x86)\MiKTeX 2.8\tex\generic\oberdiek\etexcmds.sty"
Package: etexcmds 2007/12/12 v1.2 Prefix for e-TeX command names (HO)

("C:\Program Files (x86)\MiKTeX 2.8\tex\generic\oberdiek\infwarerr.sty"
Package: infwarerr 2007/09/09 v1.2 Providing info/warning/message (HO)
)
Package etexcmds Info: Could not find \expanded.
(etexcmds)             That can mean that you are not using pdfTeX 1.50 or
(etexcmds)             that some package has redefined \expanded.
(etexcmds)             In the latter case, load this package earlier.
)
("C:\Program Files (x86)\MiKTeX 2.8\tex\latex\00miktex\hyperref.cfg"
File: hyperref.cfg 2002/06/06 v1.2 hyperref configuration of TeXLive
)
("C:\Program Files (x86)\MiKTeX 2.8\tex\latex\oberdiek\kvoptions.sty"
Package: kvoptions 2009/08/13 v3.4 Keyval support for LaTeX options (HO)

("C:\Program Files (x86)\MiKTeX 2.8\tex\generic\oberdiek\kvsetkeys.sty"
Package: kvsetkeys 2009/07/30 v1.5 Key value parser with default handler suppor
t (HO)
))
Package hyperref Info: Hyper figures OFF on input line 2975.
Package hyperref Info: Link nesting OFF on input line 2980.
Package hyperref Info: Hyper index ON on input line 2983.
Package hyperref Info: Plain pages OFF on input line 2990.
Package hyperref Info: Backreferencing OFF on input line 2995.

Implicit mode ON; LaTeX internals redefined
Package hyperref Info: Bookmarks ON on input line 3191.
("C:\Program Files (x86)\MiKTeX 2.8\tex\latex\ltxmisc\url.sty"
\Urlmuskip=\muskip10
Package: url 2006/04/12  ver 3.3  Verb mode for urls, etc.
)
LaTeX Info: Redefining \url on input line 3428.

("C:\Program Files (x86)\MiKTeX 2.8\tex\generic\oberdiek\bitset.sty"
Package: bitset 2007/09/28 v1.0 Data type bit set (HO)

("C:\Program Files (x86)\MiKTeX 2.8\tex\generic\oberdiek\intcalc.sty"
Package: intcalc 2007/09/27 v1.1 Expandable integer calculations (HO)
)
("C:\Program Files (x86)\MiKTeX 2.8\tex\generic\oberdiek\bigintcalc.sty"
Package: bigintcalc 2007/11/11 v1.1 Expandable big integer calculations (HO)

("C:\Program Files (x86)\MiKTeX 2.8\tex\generic\oberdiek\pdftexcmds.sty"
Package: pdftexcmds 2009/09/23 v0.6 LuaTeX support for pdfTeX utility functions
 (HO)

("C:\Program Files (x86)\MiKTeX 2.8\tex\generic\oberdiek\ifluatex.sty"
Package: ifluatex 2009/04/17 v1.2 Provides the ifluatex switch (HO)
Package ifluatex Info: LuaTeX not detected.
)
("C:\Program Files (x86)\MiKTeX 2.8\tex\generic\oberdiek\ltxcmds.sty"
Package: ltxcmds 2009/08/05 v1.0 Some LaTeX kernel commands for general use (HO
)
)
Package pdftexcmds Info: LuaTeX not detected.
Package pdftexcmds Info: \pdf@primitive is available.
Package pdftexcmds Info: \pdf@ifprimitive is available.
)))
\Fld@menulength=\count90
\Field@Width=\dimen104
\Fld@charsize=\dimen105
\Field@toks=\toks15
Package hyperref Info: Hyper figures OFF on input line 4377.
Package hyperref Info: Link nesting OFF on input line 4382.
Package hyperref Info: Hyper index ON on input line 4385.
Package hyperref Info: backreferencing OFF on input line 4392.
Package hyperref Info: Link coloring OFF on input line 4397.
Package hyperref Info: Link coloring with OCG OFF on input line 4402.
Package hyperref Info: PDF/A mode OFF on input line 4407.

("C:\Program Files (x86)\MiKTeX 2.8\tex\generic\oberdiek\atbegshi.sty"
Package: atbegshi 2008/07/31 v1.9 At begin shipout hook (HO)
)
\Hy@abspage=\count91
\c@Item=\count92
\c@Hfootnote=\count93
)
*hyperref using default driver hpdftex*
("C:\Program Files (x86)\MiKTeX 2.8\tex\latex\hyperref\hpdftex.def"
File: hpdftex.def 2009/10/19 v6.79b Hyperref driver for pdfTeX
\Fld@listcount=\count94
)
("C:\Program Files (x86)\MiKTeX 2.8\tex\latex\graphics\graphicx.sty"
Package: graphicx 1999/02/16 v1.0f Enhanced LaTeX Graphics (DPC,SPQR)

("C:\Program Files (x86)\MiKTeX 2.8\tex\latex\graphics\graphics.sty"
Package: graphics 2009/02/05 v1.0o Standard LaTeX Graphics (DPC,SPQR)

("C:\Program Files (x86)\MiKTeX 2.8\tex\latex\graphics\trig.sty"
Package: trig 1999/03/16 v1.09 sin cos tan (DPC)
)
("C:\Program Files (x86)\MiKTeX 2.8\tex\latex\00miktex\graphics.cfg"
File: graphics.cfg 2007/01/18 v1.5 graphics configuration of teTeX/TeXLive
)
Package graphics Info: Driver file: pdftex.def on input line 91.

("C:\Program Files (x86)\MiKTeX 2.8\tex\latex\pdftex-def\pdftex.def"
File: pdftex.def 2009/08/25 v0.04m Graphics/color for pdfTeX
\Gread@gobject=\count95
))
\Gin@req@height=\dimen106
\Gin@req@width=\dimen107
)
("C:\Program Files (x86)\MiKTeX 2.8\tex\latex\psnfss\mathpazo.sty"
Package: mathpazo 2005/04/12 PSNFSS-v9.2a Palatino w/ Pazo Math (D.Puga, WaS) 
\symupright=\mathgroup4
)
(C:\Users\Paul\AppData\Roaming\MiKTeX\2.8\tex\latex\listings\listings.sty
\lst@mode=\count96
\lst@gtempboxa=\box26
\lst@token=\toks16
\lst@length=\count97
\lst@currlwidth=\dimen108
\lst@column=\count98
\lst@pos=\count99
\lst@lostspace=\dimen109
\lst@width=\dimen110
\lst@newlines=\count100
\lst@lineno=\count101
\lst@maxwidth=\dimen111

(C:\Users\Paul\AppData\Roaming\MiKTeX\2.8\tex\latex\listings\lstmisc.sty
File: lstmisc.sty 2007/02/22 1.4 (Carsten Heinz)
\c@lstnumber=\count102
\lst@skipnumbers=\count103
\lst@framebox=\box27
)
(C:\Users\Paul\AppData\Roaming\MiKTeX\2.8\tex\latex\listings\listings.cfg
File: listings.cfg 2007/02/22 1.4 listings configuration
))
Package: listings 2007/02/22 1.4 (Carsten Heinz)

(C:\Users\Paul\AppData\Roaming\MiKTeX\2.8\tex\latex\caption\caption.sty
Package: caption 2010/01/09 v3.1m Customizing captions (AR)

(C:\Users\Paul\AppData\Roaming\MiKTeX\2.8\tex\latex\caption\caption3.sty
Package: caption3 2010/01/14 v3.1m caption3 kernel (AR)
\captionmargin=\dimen112
\captionmargin@=\dimen113
\captionwidth=\dimen114
\caption@indent=\dimen115
\caption@parindent=\dimen116
\caption@hangindent=\dimen117
)
\c@ContinuedFloat=\count104
Package caption Info: hyperref package is loaded.
Package caption Info: listings package is loaded.
)
Package hyperref Info: Option `colorlinks' set `true' on input line 32.

(D:\3DCosmos\3DCosmos\Documentation\manual.aux
(D:\3DCosmos\3DCosmos\Documentation\fundamentals.aux)
(D:\3DCosmos\3DCosmos\Documentation\userinterface.aux)
(D:\3DCosmos\3DCosmos\Documentation\stereopictures.aux)
(D:\3DCosmos\3DCosmos\Documentation\scriptdevelopment.aux)
(D:\3DCosmos\3DCosmos\Documentation\scriptdoc.aux

LaTeX Warning: Label `T:RenderType|RenderSingle' multiply defined.


LaTeX Warning: Label `T:RenderType|RenderDual' multiply defined.


LaTeX Warning: Label `T:RenderType|RenderMultithreaded' multiply defined.


LaTeX Warning: Label `T:SubFrameType|SubFrameNormal' multiply defined.


LaTeX Warning: Label `T:SubFrameType|SubFrameViewDir' multiply defined.


LaTeX Warning: Label `T:SubFrameType|SubFrameScreen' multiply defined.


LaTeX Warning: Label `T:BlendType|BlendNormal' multiply defined.


LaTeX Warning: Label `T:BlendType|BlendTranslucent' multiply defined.


LaTeX Warning: Label `T:BlendType|BlendTransparent' multiply defined.


LaTeX Warning: Label `T:DepthMask|DepthMaskNormal' multiply defined.


LaTeX Warning: Label `T:DepthMask|DepthMaskEnable' multiply defined.


LaTeX Warning: Label `T:DepthMask|DepthMaskDisable' multiply defined.


LaTeX Warning: Label `T:DepthTest|DepthTestNormal' multiply defined.


LaTeX Warning: Label `T:DepthTest|DepthTestEnable' multiply defined.


LaTeX Warning: Label `T:DepthTest|DepthTestDisable' multiply defined.


LaTeX Warning: Label `T:BlendType|BlendNormal' multiply defined.


LaTeX Warning: Label `T:BlendType|BlendTranslucent' multiply defined.


LaTeX Warning: Label `T:BlendType|BlendTransparent' multiply defined.


LaTeX Warning: Label `T:DepthMask|DepthMaskNormal' multiply defined.


LaTeX Warning: Label `T:DepthMask|DepthMaskEnable' multiply defined.


LaTeX Warning: Label `T:DepthMask|DepthMaskDisable' multiply defined.


LaTeX Warning: Label `T:DepthTest|DepthTestNormal' multiply defined.


LaTeX Warning: Label `T:DepthTest|DepthTestEnable' multiply defined.


LaTeX Warning: Label `T:DepthTest|DepthTestDisable' multiply defined.


LaTeX Warning: Label `T:BlendType|BlendNormal' multiply defined.


LaTeX Warning: Label `T:BlendType|BlendTranslucent' multiply defined.


LaTeX Warning: Label `T:BlendType|BlendTransparent' multiply defined.


LaTeX Warning: Label `T:DepthMask|DepthMaskNormal' multiply defined.


LaTeX Warning: Label `T:DepthMask|DepthMaskEnable' multiply defined.


LaTeX Warning: Label `T:DepthMask|DepthMaskDisable' multiply defined.


LaTeX Warning: Label `T:DepthTest|DepthTestNormal' multiply defined.


LaTeX Warning: Label `T:DepthTest|DepthTestEnable' multiply defined.


LaTeX Warning: Label `T:DepthTest|DepthTestDisable' multiply defined.


LaTeX Warning: Label `T:BlendType|BlendNormal' multiply defined.


LaTeX Warning: Label `T:BlendType|BlendTranslucent' multiply defined.


LaTeX Warning: Label `T:BlendType|BlendTransparent' multiply defined.


LaTeX Warning: Label `T:DepthMask|DepthMaskNormal' multiply defined.


LaTeX Warning: Label `T:DepthMask|DepthMaskEnable' multiply defined.


LaTeX Warning: Label `T:DepthMask|DepthMaskDisable' multiply defined.


LaTeX Warning: Label `T:DepthTest|DepthTestNormal' multiply defined.


LaTeX Warning: Label `T:DepthTest|DepthTestEnable' multiply defined.


LaTeX Warning: Label `T:DepthTest|DepthTestDisable' multiply defined.


LaTeX Warning: Label `T:BlendType|BlendNormal' multiply defined.


LaTeX Warning: Label `T:BlendType|BlendTranslucent' multiply defined.


LaTeX Warning: Label `T:BlendType|BlendTransparent' multiply defined.


LaTeX Warning: Label `T:DepthMask|DepthMaskNormal' multiply defined.


LaTeX Warning: Label `T:DepthMask|DepthMaskEnable' multiply defined.


LaTeX Warning: Label `T:DepthMask|DepthMaskDisable' multiply defined.


LaTeX Warning: Label `T:DepthTest|DepthTestNormal' multiply defined.


LaTeX Warning: Label `T:DepthTest|DepthTestEnable' multiply defined.


LaTeX Warning: Label `T:DepthTest|DepthTestDisable' multiply defined.


LaTeX Warning: Label `T:BlendType|BlendNormal' multiply defined.


LaTeX Warning: Label `T:BlendType|BlendTranslucent' multiply defined.


LaTeX Warning: Label `T:BlendType|BlendTransparent' multiply defined.


LaTeX Warning: Label `T:DepthMask|DepthMaskNormal' multiply defined.


LaTeX Warning: Label `T:DepthMask|DepthMaskEnable' multiply defined.


LaTeX Warning: Label `T:DepthMask|DepthMaskDisable' multiply defined.


LaTeX Warning: Label `T:DepthTest|DepthTestNormal' multiply defined.


LaTeX Warning: Label `T:DepthTest|DepthTestEnable' multiply defined.


LaTeX Warning: Label `T:DepthTest|DepthTestDisable' multiply defined.


LaTeX Warning: Label `T:BlendType|BlendNormal' multiply defined.


LaTeX Warning: Label `T:BlendType|BlendTranslucent' multiply defined.


LaTeX Warning: Label `T:BlendType|BlendTransparent' multiply defined.


LaTeX Warning: Label `T:DepthMask|DepthMaskNormal' multiply defined.


LaTeX Warning: Label `T:DepthMask|DepthMaskEnable' multiply defined.


LaTeX Warning: Label `T:DepthMask|DepthMaskDisable' multiply defined.


LaTeX Warning: Label `T:DepthTest|DepthTestNormal' multiply defined.


LaTeX Warning: Label `T:DepthTest|DepthTestEnable' multiply defined.


LaTeX Warning: Label `T:DepthTest|DepthTestDisable' multiply defined.


LaTeX Warning: Label `T:BlendType|BlendNormal' multiply defined.


LaTeX Warning: Label `T:BlendType|BlendTranslucent' multiply defined.


LaTeX Warning: Label `T:BlendType|BlendTransparent' multiply defined.


LaTeX Warning: Label `T:DepthMask|DepthMaskNormal' multiply defined.


LaTeX Warning: Label `T:DepthMask|DepthMaskEnable' multiply defined.


LaTeX Warning: Label `T:DepthMask|DepthMaskDisable' multiply defined.


LaTeX Warning: Label `T:DepthTest|DepthTestNormal' multiply defined.


LaTeX Warning: Label `T:DepthTest|DepthTestEnable' multiply defined.


LaTeX Warning: Label `T:DepthTest|DepthTestDisable' multiply defined.


LaTeX Warning: Label `T:BlendType|BlendNormal' multiply defined.


LaTeX Warning: Label `T:BlendType|BlendTranslucent' multiply defined.


LaTeX Warning: Label `T:BlendType|BlendTransparent' multiply defined.


LaTeX Warning: Label `T:DepthMask|DepthMaskNormal' multiply defined.


LaTeX Warning: Label `T:DepthMask|DepthMaskEnable' multiply defined.


LaTeX Warning: Label `T:DepthMask|DepthMaskDisable' multiply defined.


LaTeX Warning: Label `T:DepthTest|DepthTestNormal' multiply defined.


LaTeX Warning: Label `T:DepthTest|DepthTestEnable' multiply defined.


LaTeX Warning: Label `T:DepthTest|DepthTestDisable' multiply defined.


LaTeX Warning: Label `T:BlendType|BlendNormal' multiply defined.


LaTeX Warning: Label `T:BlendType|BlendTranslucent' multiply defined.


LaTeX Warning: Label `T:BlendType|BlendTransparent' multiply defined.


LaTeX Warning: Label `T:DepthMask|DepthMaskNormal' multiply defined.


LaTeX Warning: Label `T:DepthMask|DepthMaskEnable' multiply defined.


LaTeX Warning: Label `T:DepthMask|DepthMaskDisable' multiply defined.


LaTeX Warning: Label `T:DepthTest|DepthTestNormal' multiply defined.


LaTeX Warning: Label `T:DepthTest|DepthTestEnable' multiply defined.


LaTeX Warning: Label `T:DepthTest|DepthTestDisable' multiply defined.


LaTeX Warning: Label `T:BlendType|BlendNormal' multiply defined.


LaTeX Warning: Label `T:BlendType|BlendTranslucent' multiply defined.


LaTeX Warning: Label `T:BlendType|BlendTransparent' multiply defined.


LaTeX Warning: Label `T:DepthMask|DepthMaskNormal' multiply defined.


LaTeX Warning: Label `T:DepthMask|DepthMaskEnable' multiply defined.


LaTeX Warning: Label `T:DepthMask|DepthMaskDisable' multiply defined.


LaTeX Warning: Label `T:DepthTest|DepthTestNormal' multiply defined.


LaTeX Warning: Label `T:DepthTest|DepthTestEnable' multiply defined.


LaTeX Warning: Label `T:DepthTest|DepthTestDisable' multiply defined.


LaTeX Warning: Label `T:BlendType|BlendNormal' multiply defined.


LaTeX Warning: Label `T:BlendType|BlendTranslucent' multiply defined.


LaTeX Warning: Label `T:BlendType|BlendTransparent' multiply defined.


LaTeX Warning: Label `T:DepthMask|DepthMaskNormal' multiply defined.


LaTeX Warning: Label `T:DepthMask|DepthMaskEnable' multiply defined.


LaTeX Warning: Label `T:DepthMask|DepthMaskDisable' multiply defined.


LaTeX Warning: Label `T:DepthTest|DepthTestNormal' multiply defined.


LaTeX Warning: Label `T:DepthTest|DepthTestEnable' multiply defined.


LaTeX Warning: Label `T:DepthTest|DepthTestDisable' multiply defined.


LaTeX Warning: Label `T:BlendType|BlendNormal' multiply defined.


LaTeX Warning: Label `T:BlendType|BlendTranslucent' multiply defined.


LaTeX Warning: Label `T:BlendType|BlendTransparent' multiply defined.


LaTeX Warning: Label `T:DepthMask|DepthMaskNormal' multiply defined.


LaTeX Warning: Label `T:DepthMask|DepthMaskEnable' multiply defined.


LaTeX Warning: Label `T:DepthMask|DepthMaskDisable' multiply defined.


LaTeX Warning: Label `T:DepthTest|DepthTestNormal' multiply defined.


LaTeX Warning: Label `T:DepthTest|DepthTestEnable' multiply defined.


LaTeX Warning: Label `T:DepthTest|DepthTestDisable' multiply defined.


LaTeX Warning: Label `T:CurveRenderType|CurveRenderNormal' multiply defined.


LaTeX Warning: Label `T:CurveRenderType|CurveRenderSmooth' multiply defined.


LaTeX Warning: Label `T:CurveRenderType|CurveRenderRibbon' multiply defined.


LaTeX Warning: Label `T:CurveRenderType|CurveRenderTube' multiply defined.


LaTeX Warning: Label `T:CurveRenderType|CurveRenderCube' multiply defined.


LaTeX Warning: Label `T:CurveRenderType|CurveRenderDot' multiply defined.


LaTeX Warning: Label `T:CurveRenderType|CurveRenderDash' multiply defined.


LaTeX Warning: Label `T:CurveRenderType|CurveRenderDashDot' multiply defined.


LaTeX Warning: Label `T:BlendType|BlendNormal' multiply defined.


LaTeX Warning: Label `T:BlendType|BlendTranslucent' multiply defined.


LaTeX Warning: Label `T:BlendType|BlendTransparent' multiply defined.


LaTeX Warning: Label `T:DepthMask|DepthMaskNormal' multiply defined.


LaTeX Warning: Label `T:DepthMask|DepthMaskEnable' multiply defined.


LaTeX Warning: Label `T:DepthMask|DepthMaskDisable' multiply defined.


LaTeX Warning: Label `T:DepthTest|DepthTestNormal' multiply defined.


LaTeX Warning: Label `T:DepthTest|DepthTestEnable' multiply defined.


LaTeX Warning: Label `T:DepthTest|DepthTestDisable' multiply defined.


LaTeX Warning: Label `T:BlendType|BlendNormal' multiply defined.


LaTeX Warning: Label `T:BlendType|BlendTranslucent' multiply defined.


LaTeX Warning: Label `T:BlendType|BlendTransparent' multiply defined.


LaTeX Warning: Label `T:DepthMask|DepthMaskNormal' multiply defined.


LaTeX Warning: Label `T:DepthMask|DepthMaskEnable' multiply defined.


LaTeX Warning: Label `T:DepthMask|DepthMaskDisable' multiply defined.


LaTeX Warning: Label `T:DepthTest|DepthTestNormal' multiply defined.


LaTeX Warning: Label `T:DepthTest|DepthTestEnable' multiply defined.


LaTeX Warning: Label `T:DepthTest|DepthTestDisable' multiply defined.


LaTeX Warning: Label `T:ClockType|ClockTypeAnalog' multiply defined.


LaTeX Warning: Label `T:ClockType|ClockTypeDigital' multiply defined.


LaTeX Warning: Label `T:ClockType|ClockTypeCalendar' multiply defined.


LaTeX Warning: Label `T:ClockType|ClockTypeDate' multiply defined.


LaTeX Warning: Label `T:ClockType|ClockTypeDateTime' multiply defined.


LaTeX Warning: Label `T:PEngineRenderType|PengineRenderQuads' multiply defined.



LaTeX Warning: Label `T:PEngineRenderType|PengineRenderPoints' multiply defined
.


LaTeX Warning: Label `T:BlendType|BlendNormal' multiply defined.


LaTeX Warning: Label `T:BlendType|BlendTranslucent' multiply defined.


LaTeX Warning: Label `T:BlendType|BlendTransparent' multiply defined.


LaTeX Warning: Label `T:DepthMask|DepthMaskNormal' multiply defined.


LaTeX Warning: Label `T:DepthMask|DepthMaskEnable' multiply defined.


LaTeX Warning: Label `T:DepthMask|DepthMaskDisable' multiply defined.


LaTeX Warning: Label `T:FogType|FogNone' multiply defined.


LaTeX Warning: Label `T:FogType|FogExponential' multiply defined.


LaTeX Warning: Label `T:FogType|FogExponentialSq' multiply defined.


LaTeX Warning: Label `T:FogType|FogLinear' multiply defined.


LaTeX Warning: Label `T:InterpolType|InterpolLinear' multiply defined.


LaTeX Warning: Label `T:InterpolType|InterpolQuad' multiply defined.


LaTeX Warning: Label `T:TimeType|UT0' multiply defined.


LaTeX Warning: Label `T:TimeType|ST0' multiply defined.

))
LaTeX Font Info:    Checking defaults for OML/cmm/m/it on input line 85.
LaTeX Font Info:    ... okay on input line 85.
LaTeX Font Info:    Checking defaults for T1/cmr/m/n on input line 85.
LaTeX Font Info:    ... okay on input line 85.
LaTeX Font Info:    Checking defaults for OT1/cmr/m/n on input line 85.
LaTeX Font Info:    ... okay on input line 85.
LaTeX Font Info:    Checking defaults for OMS/cmsy/m/n on input line 85.
LaTeX Font Info:    ... okay on input line 85.
LaTeX Font Info:    Checking defaults for OMX/cmex/m/n on input line 85.
LaTeX Font Info:    ... okay on input line 85.
LaTeX Font Info:    Checking defaults for U/cmr/m/n on input line 85.
LaTeX Font Info:    ... okay on input line 85.
LaTeX Font Info:    Checking defaults for PD1/pdf/m/n on input line 85.
LaTeX Font Info:    ... okay on input line 85.
 ("C:\Program Files (x86)\MiKTeX 2.8\tex\latex\graphics\color.sty"
Package: color 2005/11/14 v1.0j Standard LaTeX Color (DPC)

("C:\Program Files (x86)\MiKTeX 2.8\tex\latex\00miktex\color.cfg"
File: color.cfg 2007/01/18 v1.5 color configuration of teTeX/TeXLive
)
Package color Info: Driver file: pdftex.def on input line 130.
)
Package hyperref Info: Link coloring ON on input line 85.

("C:\Program Files (x86)\MiKTeX 2.8\tex\latex\hyperref\nameref.sty"
Package: nameref 2007/05/29 v2.31 Cross-referencing by name of section

("C:\Program Files (x86)\MiKTeX 2.8\tex\latex\oberdiek\refcount.sty"
Package: refcount 2008/08/11 v3.1 Data extraction from references (HO)
)
\c@section@level=\count105
)
LaTeX Info: Redefining \ref on input line 85.
LaTeX Info: Redefining \pageref on input line 85.

(D:\3DCosmos\3DCosmos\Documentation\manual.out)
(D:\3DCosmos\3DCosmos\Documentation\manual.out)
\@outlinefile=\write3
\AtBeginShipoutBox=\box28

("C:\Program Files (x86)\MiKTeX 2.8\tex\context\base\supp-pdf.tex"
[Loading MPS to PDF converter (version 2006.09.02).]
\scratchcounter=\count106
\scratchdimen=\dimen118
\scratchbox=\box29
\nofMPsegments=\count107
\nofMParguments=\count108
\everyMPshowfont=\toks17
\MPscratchCnt=\count109
\MPscratchDim=\dimen119
\MPnumerator=\count110
\everyMPtoPDFconversion=\toks18
)
\big@size=\dimen120
\c@lstlisting=\count111
Package caption Info: Begin \AtBeginDocument code.
Package caption Info: End \AtBeginDocument code.
 (C:\Users\Paul\AppData\Roaming\MiKTeX\2.8\tex\latex\listings\lstlang1.sty
File: lstlang1.sty 2004/09/05 1.3 listings language file
)
(C:\Users\Paul\AppData\Roaming\MiKTeX\2.8\tex\latex\listings\lstlang1.sty
File: lstlang1.sty 2004/09/05 1.3 listings language file
)
(C:\Users\Paul\AppData\Roaming\MiKTeX\2.8\tex\latex\listings\lstmisc.sty
File: lstmisc.sty 2007/02/22 1.4 (Carsten Heinz)
)

LaTeX Font Warning: Font shape `OT1/cmss/m/it' in size <17.28> not available
(Font)              Font shape `OT1/cmss/m/sl' tried instead on input line 95.

LaTeX Font Info:    Try loading font information for OT1+ppl on input line 95.
("C:\Program Files (x86)\MiKTeX 2.8\tex\latex\psnfss\ot1ppl.fd"
File: ot1ppl.fd 2001/06/04 font definitions for OT1/ppl.
)
LaTeX Font Info:    Try loading font information for OML+zplm on input line 95.


("C:\Program Files (x86)\MiKTeX 2.8\tex\latex\psnfss\omlzplm.fd"
File: omlzplm.fd 2002/09/08 Fontinst v1.914 font definitions for OML/zplm.
)
LaTeX Font Info:    Try loading font information for OMS+zplm on input line 95.


("C:\Program Files (x86)\MiKTeX 2.8\tex\latex\psnfss\omszplm.fd"
File: omszplm.fd 2002/09/08 Fontinst v1.914 font definitions for OMS/zplm.
)
LaTeX Font Info:    Try loading font information for OMX+zplm on input line 95.


("C:\Program Files (x86)\MiKTeX 2.8\tex\latex\psnfss\omxzplm.fd"
File: omxzplm.fd 2002/09/08 Fontinst v1.914 font definitions for OMX/zplm.
)
LaTeX Font Info:    Try loading font information for OT1+zplm on input line 95.


("C:\Program Files (x86)\MiKTeX 2.8\tex\latex\psnfss\ot1zplm.fd"
File: ot1zplm.fd 2002/09/08 Fontinst v1.914 font definitions for OT1/zplm.
)

LaTeX Warning: No \author given.

[1


{C:/Users/Paul/AppData/Local/MiKTeX/2.8/pdftex/config/pdftex.map}] [2

]
(D:\3DCosmos\3DCosmos\Documentation\manual.toc [1

]

LaTeX Font Warning: Font shape `OT1/cmss/m/it' in size <10> not available
(Font)              Font shape `OT1/cmss/m/sl' tried instead on input line 44.

[2] [3] [4] [5] [6] [7])
\tf@toc=\write4
 [8]
(D:\3DCosmos\3DCosmos\Documentation\fundamentals.tex
Chapter 1.

Underfull \hbox (badness 10000) in paragraph at lines 8--9

 []

pdfTeX warning (ext4): destination with the same identifier (name{page.1}) has 
been already used, duplicate ignored
<to be read again> 
                   \relax 
l.29 
      [1



]pdfTeX warning (ext4): destination with the same identifier (name{page.2}) has
 been already used, duplicate ignored
<to be read again> 
                   \relax 
l.48 \item[Eye separation factor]
                                  This is an important setting in case stere...
[2]
Underfull \hbox (badness 10000) in paragraph at lines 63--64

 []

[3] <bitmaps/stereosample.png, id=1229, 803.0pt x 401.5pt>
File: bitmaps/stereosample.png Graphic file (type png)

<use bitmaps/stereosample.png>
LaTeX Font Info:    Try loading font information for OMS+cmss on input line 82.

LaTeX Font Info:    No file OMScmss.fd. on input line 82.


LaTeX Font Warning: Font shape `OMS/cmss/m/n' undefined
(Font)              using `OMS/cmsy/m/n' instead
(Font)              for symbol `textbullet' on input line 82.

Missing character: There is no ï in font cmss10!
Missing character: There is no ¿ in font cmss10!
Missing character: There is no ½ in font cmss10!
Missing character: There is no ï in font cmss10!
Missing character: There is no ¿ in font cmss10!
Missing character: There is no ½ in font cmss10!
[4 <D:/3DCosmos/3DCosmos/Documentation/bitmaps/stereosample.png (PNG copy)>]
[5]
LaTeX Font Info:    Font shape `OT1/cmtt/bx/n' in size <10> not available
(Font)              Font shape `OT1/cmtt/m/n' tried instead on input line 144.
) [6] (D:\3DCosmos\3DCosmos\Documentation\userinterface.tex
Chapter 2.

Underfull \hbox (badness 10000) in paragraph at lines 7--8

 []


Underfull \hbox (badness 10000) in paragraph at lines 21--21
[]\OT1/cmss/m/n/10 Gamepad
 []


Underfull \vbox (badness 10000) has occurred while \output is active []

 [7



]
Underfull \vbox (badness 10000) has occurred while \output is active []

 [8]
[9]) [10] (D:\3DCosmos\3DCosmos\Documentation\stereopictures.tex
Chapter 3.

Underfull \hbox (badness 10000) in paragraph at lines 7--8

 []

<bitmaps/stereobrowser.jpg, id=1284, 722.7pt x 451.6875pt>
File: bitmaps/stereobrowser.jpg Graphic file (type jpg)

<use bitmaps/stereobrowser.jpg> [11



] [12 <D:/3DCosmos/3DCosmos/Documentation/bitmaps/stereobrowser.jpg>] [13]

LaTeX Font Warning: Font shape `OT1/cmss/bx/it' undefined
(Font)              using `OT1/cmss/bx/n' instead on input line 96.

[14]) [15] (D:\3DCosmos\3DCosmos\Documentation\scriptdevelopment.tex [16



]
Chapter 4.

Underfull \hbox (badness 10000) in paragraph at lines 7--8

 []

<bitmaps/sourcecodewindow.png, id=1364, 885.3075pt x 679.53876pt>
File: bitmaps/sourcecodewindow.png Graphic file (type png)

<use bitmaps/sourcecodewindow.png> [17] [18 <D:/3DCosmos/3DCosmos/Documentation
/bitmaps/sourcecodewindow.png (PNG copy)>]
Underfull \hbox (badness 10000) in paragraph at lines 81--82

 []

[19] [20] [21] [22] [23]
Underfull \hbox (badness 10000) in paragraph at lines 225--226

 []

) [24] (D:\3DCosmos\3DCosmos\Documentation\scriptdoc.tex
Chapter 5.
[25



] [26] [27] [28] [29] [30] [31] [32]
Underfull \hbox (badness 10000) in paragraph at lines 293--301

 []

[33]
Underfull \hbox (badness 10000) in paragraph at lines 338--342

 []

[34] [35] [36] [37] [38] [39] [40] [41] [42] [43] [44]
Underfull \hbox (badness 10000) in paragraph at lines 680--698

 []


Underfull \hbox (badness 10000) in paragraph at lines 680--698

 []


Underfull \hbox (badness 10000) in paragraph at lines 680--698

 []


Underfull \hbox (badness 10000) in paragraph at lines 680--698

 []

[45] [46] [47] [48] [49] [50] [51] [52] [53]
Underfull \hbox (badness 10000) in paragraph at lines 1009--1014

 []

[54] [55] [56] [57] [58]
Underfull \hbox (badness 10000) in paragraph at lines 1175--1180

 []


Underfull \hbox (badness 10000) in paragraph at lines 1181--1186

 []

[59] [60] [61] [62] [63] [64] [65] [66] [67] [68] [69]
Underfull \hbox (badness 10000) in paragraph at lines 1604--1611

 []


Underfull \hbox (badness 10000) in paragraph at lines 1622--1627

 []

[70]
Underfull \hbox (badness 10000) in paragraph at lines 1648--1653

 []


Underfull \hbox (badness 10000) in paragraph at lines 1659--1668

 []


Underfull \hbox (badness 10000) in paragraph at lines 1659--1668

 []

[71]
Underfull \hbox (badness 10000) in paragraph at lines 1673--1678

 []

[72]
Underfull \hbox (badness 10000) in paragraph at lines 1722--1730

 []

[73] [74] [75] [76] [77] [78] [79] [80] [81] [82]

LaTeX Warning: Hyper reference `Object tree:Geometric objects' on page 83 undef
ined on input line 2036.


LaTeX Warning: Reference `Object tree:Geometric objects' on page 83 undefined o
n input line 2036.


LaTeX Warning: Reference `Object tree:Geometric objects' on page 83 undefined o
n input line 2036.


LaTeX Warning: Hyper reference `Object tree:Special objects' on page 83 undefin
ed on input line 2036.


LaTeX Warning: Reference `Object tree:Special objects' on page 83 undefined on 
input line 2036.


LaTeX Warning: Reference `Object tree:Special objects' on page 83 undefined on 
input line 2036.


Underfull \hbox (badness 10000) in paragraph at lines 2038--2042

 []

[83] [84] [85] [86] [87] [88]

LaTeX Warning: Hyper reference `T:FlatContourset' on page 89 undefined on input
 line 2248.


LaTeX Warning: Reference `T:FlatContourset' on page 89 undefined on input line 
2248.


LaTeX Warning: Reference `T:FlatContourset' on page 89 undefined on input line 
2248.

[89]
Overfull \hbox (2.74089pt too wide) in paragraph at lines 2266--2271
\OT1/cmtt/m/n/10 fnc=functor("color(p.x,1-p.x,0)","p"); ob.GenerateVertexProper
ty(fnc,VertexPropertyColor); 
 []


Underfull \hbox (badness 10000) in paragraph at lines 2266--2271

 []

[90] [91] [92] [93] [94] [95] [96] [97] [98] [99] [100] [101] [102] [103]
[104] [105] [106] [107] [108] [109] [110] [111] [112] [113] [114] [115]
[116] [117] [118] [119] [120] [121] [122] [123] [124] [125] [126] [127]
[128] [129] [130] [131] [132] [133] [134] [135]

LaTeX Warning: Hyper reference `T:functor' on page 136 undefined on input line 
3775.


LaTeX Warning: Reference `T:functor' on page 136 undefined on input line 3775.


LaTeX Warning: Reference `T:functor' on page 136 undefined on input line 3775.


Underfull \hbox (badness 10000) in paragraph at lines 3779--3784

 []


LaTeX Warning: Hyper reference `T:functor' on page 136 undefined on input line 
3791.


LaTeX Warning: Reference `T:functor' on page 136 undefined on input line 3791.


LaTeX Warning: Reference `T:functor' on page 136 undefined on input line 3791.


Underfull \hbox (badness 10000) in paragraph at lines 3793--3798

 []

[136] [137] [138] [139] [140] [141] [142]
Underfull \hbox (badness 10000) in paragraph at lines 4012--4017

 []

[143] [144] [145] [146] [147] [148] [149] [150] [151] [152] [153] [154]
Overfull \hbox (11.07896pt too wide) in paragraph at lines 4413--4414
\OT1/cmss/m/n/10 po-si-tions will be in-ter-po-lated over these frames (see [][
][][]PEngine.AddFrame [][] ([][]5.7.21[][])[][] and [][][][]PEngine.FramePtPosi
tion
 []

[155] [156] [157] [158] [159] [160] [161] [162] [163]
Overfull \hbox (24.35658pt too wide) in paragraph at lines 4726--4728
\OT1/cmss/m/n/10 This pa-ram-e-ter de-ter-mines the dis-tance be-tween the cam-
era and the near clip-ping plane (see also [][][][]View-port.NearClipPlane
 []

[164] [165]

LaTeX Warning: Hyper reference `T:scene' on page 166 undefined on input line 47
96.


LaTeX Warning: Reference `T:scene' on page 166 undefined on input line 4796.


LaTeX Warning: Reference `T:scene' on page 166 undefined on input line 4796.

[166] [167] [168]
Underfull \hbox (badness 10000) in paragraph at lines 4891--4899

 []

[169] [170] [171] [172] [173] [174] [175] [176] [177] [178] [179] [180]
[181] [182] [183] [184] [185] [186] [187] [188] [189]

LaTeX Warning: Hyper reference `T:functor' on page 190 undefined on input line 
5573.


LaTeX Warning: Reference `T:functor' on page 190 undefined on input line 5573.


LaTeX Warning: Reference `T:functor' on page 190 undefined on input line 5573.

[190]
Underfull \vbox (badness 1264) has occurred while \output is active []

 [191]
[192] [193] [194]
Underfull \hbox (badness 10000) in paragraph at lines 5750--5756

 []


Underfull \hbox (badness 10000) in paragraph at lines 5750--5756

 []

[195] [196] [197] [198] [199]) [200]
(D:\3DCosmos\3DCosmos\Documentation\manual.aux
(D:\3DCosmos\3DCosmos\Documentation\fundamentals.aux)
(D:\3DCosmos\3DCosmos\Documentation\userinterface.aux)
(D:\3DCosmos\3DCosmos\Documentation\stereopictures.aux)
(D:\3DCosmos\3DCosmos\Documentation\scriptdevelopment.aux)
(D:\3DCosmos\3DCosmos\Documentation\scriptdoc.aux))

LaTeX Font Warning: Some font shapes were not available, defaults substituted.


LaTeX Warning: There were undefined references.


LaTeX Warning: There were multiply-defined labels.

 ) 
Here is how much of TeX's memory you used:
 10084 strings out of 495285
 155668 string characters out of 3179881
 289850 words of memory out of 3000000
 11352 multiletter control sequences out of 15000+200000
 25176 words of font info for 74 fonts, out of 3000000 for 9000
 14 hyphenation exceptions out of 8191
 38i,10n,58p,1217b,1624s stack positions out of 5000i,500n,10000p,200000b,50000s
pdfTeX warning (dest): name{??} has been referenced but does not exist, repla
ced by a fixed one

{C:/Program Files (x86)/MiKTeX 2.8/fonts/enc/dvips/fontname/8r.enc}<C:/Program 
Files (x86)/MiKTeX 2.8/fonts/type1/public/amsfonts/cm/cmex10.pfb><C:/Program Fi
les (x86)/MiKTeX 2.8/fonts/type1/public/amsfonts/cm/cmmi10.pfb><C:/Program File
s (x86)/MiKTeX 2.8/fonts/type1/public/amsfonts/cm/cmr10.pfb><C:/Program Files (
x86)/MiKTeX 2.8/fonts/type1/public/amsfonts/cm/cmss10.pfb><C:/Program Files (x8
6)/MiKTeX 2.8/fonts/type1/public/amsfonts/cm/cmss12.pfb><C:/Program Files (x86)
/MiKTeX 2.8/fonts/type1/public/amsfonts/cm/cmss17.pfb><C:/Program Files (x86)/M
iKTeX 2.8/fonts/type1/public/amsfonts/cm/cmss9.pfb><C:/Program Files (x86)/MiKT
eX 2.8/fonts/type1/public/amsfonts/cm/cmssbx10.pfb><C:/Program Files (x86)/MiKT
eX 2.8/fonts/type1/public/amsfonts/cm/cmssi10.pfb><C:/Program Files (x86)/MiKTe
X 2.8/fonts/type1/public/amsfonts/cm/cmssi17.pfb><C:/Program Files (x86)/MiKTeX
 2.8/fonts/type1/public/amsfonts/cm/cmsy10.pfb><C:/Program Files (x86)/MiKTeX 2
.8/fonts/type1/public/amsfonts/cm/cmtt10.pfb><C:/Users/Paul/AppData/Roaming/MiK
TeX/2.8/fonts/type1/public/mathpazo/fplmri.pfb><C:/Program Files (x86)/MiKTeX 2
.8/fonts/type1/urw/palatino/uplr8a.pfb><C:/Program Files (x86)/MiKTeX 2.8/fonts
/type1/urw/palatino/uplri8a.pfb>
Output written on manual.pdf (210 pages, 1252662 bytes).
PDF statistics:
 4637 PDF objects out of 5155 (max. 8388607)
 1794 named destinations out of 2073 (max. 500000)
 1872 words of extra memory for PDF output out of 10000 (max. 10000000)

