\BOOKMARK [0][-]{chapter.1}{Script language definition}{}
\BOOKMARK [1][-]{section.1.1}{Function root }{chapter.1}
\BOOKMARK [1][-]{section.1.2}{Simple types }{chapter.1}
\BOOKMARK [2][-]{subsection.1.2.1}{Type Anytype }{section.1.2}
\BOOKMARK [2][-]{subsection.1.2.2}{Type String }{section.1.2}
\BOOKMARK [2][-]{subsection.1.2.3}{Type Scalar }{section.1.2}
\BOOKMARK [2][-]{subsection.1.2.4}{Type Bool }{section.1.2}
\BOOKMARK [2][-]{subsection.1.2.5}{Type Time }{section.1.2}
\BOOKMARK [2][-]{subsection.1.2.6}{Type Color }{section.1.2}
\BOOKMARK [1][-]{section.1.3}{Containers }{chapter.1}
\BOOKMARK [2][-]{subsection.1.3.1}{Type List }{section.1.3}
\BOOKMARK [2][-]{subsection.1.3.2}{Type MapPair }{section.1.3}
\BOOKMARK [2][-]{subsection.1.3.3}{Type Map }{section.1.3}
\BOOKMARK [1][-]{section.1.4}{Enumerations }{chapter.1}
\BOOKMARK [2][-]{subsection.1.4.1}{Type TimeType }{section.1.4}
\BOOKMARK [2][-]{subsection.1.4.2}{Type RenderType }{section.1.4}
\BOOKMARK [2][-]{subsection.1.4.3}{Type SubFrameType }{section.1.4}
\BOOKMARK [2][-]{subsection.1.4.4}{Type BlendType }{section.1.4}
\BOOKMARK [2][-]{subsection.1.4.5}{Type DepthMask }{section.1.4}
\BOOKMARK [2][-]{subsection.1.4.6}{Type DepthTest }{section.1.4}
\BOOKMARK [2][-]{subsection.1.4.7}{Type CurveRenderType }{section.1.4}
\BOOKMARK [2][-]{subsection.1.4.8}{Type VertexProperty }{section.1.4}
\BOOKMARK [2][-]{subsection.1.4.9}{Type InterpolType }{section.1.4}
\BOOKMARK [2][-]{subsection.1.4.10}{Type UIAxisType }{section.1.4}
\BOOKMARK [2][-]{subsection.1.4.11}{Type UIAxisLevel }{section.1.4}
\BOOKMARK [2][-]{subsection.1.4.12}{Type ClockType }{section.1.4}
\BOOKMARK [2][-]{subsection.1.4.13}{Type FogType }{section.1.4}
\BOOKMARK [2][-]{subsection.1.4.14}{Type PEngineRenderType }{section.1.4}
\BOOKMARK [1][-]{section.1.5}{Mathematics }{chapter.1}
\BOOKMARK [2][-]{subsection.1.5.1}{Type Point }{section.1.5}
\BOOKMARK [2][-]{subsection.1.5.2}{Type Vector }{section.1.5}
\BOOKMARK [2][-]{subsection.1.5.3}{Type Plane }{section.1.5}
\BOOKMARK [2][-]{subsection.1.5.4}{Type Line }{section.1.5}
\BOOKMARK [2][-]{subsection.1.5.5}{Type LineSegment }{section.1.5}
\BOOKMARK [2][-]{subsection.1.5.6}{Type Matrix }{section.1.5}
\BOOKMARK [2][-]{subsection.1.5.7}{Type Transformation }{section.1.5}
\BOOKMARK [2][-]{subsection.1.5.8}{Type Functor }{section.1.5}
\BOOKMARK [2][-]{subsection.1.5.9}{Type ForceField }{section.1.5}
\BOOKMARK [2][-]{subsection.1.5.10}{Type SplineCurve }{section.1.5}
\BOOKMARK [2][-]{subsection.1.5.11}{Type SplineSurface }{section.1.5}
\BOOKMARK [2][-]{subsection.1.5.12}{Function Pi }{section.1.5}
\BOOKMARK [2][-]{subsection.1.5.13}{Function rad2deg }{section.1.5}
\BOOKMARK [2][-]{subsection.1.5.14}{Function deg2rad }{section.1.5}
\BOOKMARK [2][-]{subsection.1.5.15}{Function sin }{section.1.5}
\BOOKMARK [2][-]{subsection.1.5.16}{Function cos }{section.1.5}
\BOOKMARK [2][-]{subsection.1.5.17}{Function tan }{section.1.5}
\BOOKMARK [2][-]{subsection.1.5.18}{Function asin }{section.1.5}
\BOOKMARK [2][-]{subsection.1.5.19}{Function acos }{section.1.5}
\BOOKMARK [2][-]{subsection.1.5.20}{Function atan }{section.1.5}
\BOOKMARK [2][-]{subsection.1.5.21}{Function angle }{section.1.5}
\BOOKMARK [2][-]{subsection.1.5.22}{Function random }{section.1.5}
\BOOKMARK [2][-]{subsection.1.5.23}{Function floor }{section.1.5}
\BOOKMARK [2][-]{subsection.1.5.24}{Function round }{section.1.5}
\BOOKMARK [2][-]{subsection.1.5.25}{Function abs }{section.1.5}
\BOOKMARK [2][-]{subsection.1.5.26}{Function sign }{section.1.5}
\BOOKMARK [2][-]{subsection.1.5.27}{Function sqr }{section.1.5}
\BOOKMARK [2][-]{subsection.1.5.28}{Function sqrt }{section.1.5}
\BOOKMARK [2][-]{subsection.1.5.29}{Function exp }{section.1.5}
\BOOKMARK [2][-]{subsection.1.5.30}{Function log }{section.1.5}
\BOOKMARK [1][-]{section.1.6}{Geometric shapes }{chapter.1}
\BOOKMARK [2][-]{subsection.1.6.1}{Type FlatContourSet }{section.1.6}
\BOOKMARK [2][-]{subsection.1.6.2}{Type SolidShape }{section.1.6}
\BOOKMARK [2][-]{subsection.1.6.3}{Type Blob }{section.1.6}
\BOOKMARK [1][-]{section.1.7}{Object tree }{chapter.1}
\BOOKMARK [2][-]{subsection.1.7.1}{Type Object }{section.1.7}
\BOOKMARK [2][-]{subsection.1.7.2}{Type ObjectRoot }{section.1.7}
\BOOKMARK [2][-]{subsection.1.7.3}{Type Scene }{section.1.7}
\BOOKMARK [2][-]{subsection.1.7.4}{Type Subframe }{section.1.7}
\BOOKMARK [2][-]{subsection.1.7.5}{Type SolidObject }{section.1.7}
\BOOKMARK [2][-]{subsection.1.7.6}{Type Bar }{section.1.7}
\BOOKMARK [2][-]{subsection.1.7.7}{Type Sphere }{section.1.7}
\BOOKMARK [2][-]{subsection.1.7.8}{Type Cylinder }{section.1.7}
\BOOKMARK [2][-]{subsection.1.7.9}{Type Rectangle }{section.1.7}
\BOOKMARK [2][-]{subsection.1.7.10}{Type Arrow }{section.1.7}
\BOOKMARK [2][-]{subsection.1.7.11}{Type SolidPoint }{section.1.7}
\BOOKMARK [2][-]{subsection.1.7.12}{Type Text3D }{section.1.7}
\BOOKMARK [2][-]{subsection.1.7.13}{Type TextFlat }{section.1.7}
\BOOKMARK [2][-]{subsection.1.7.14}{Type FormattedText }{section.1.7}
\BOOKMARK [2][-]{subsection.1.7.15}{Type Surface }{section.1.7}
\BOOKMARK [2][-]{subsection.1.7.16}{Type Curve }{section.1.7}
\BOOKMARK [2][-]{subsection.1.7.17}{Type StarGlobe }{section.1.7}
\BOOKMARK [2][-]{subsection.1.7.18}{Type Clock }{section.1.7}
\BOOKMARK [2][-]{subsection.1.7.19}{Type LightPoint }{section.1.7}
\BOOKMARK [2][-]{subsection.1.7.20}{Type RepeatedObject }{section.1.7}
\BOOKMARK [2][-]{subsection.1.7.21}{Type PEngine }{section.1.7}
\BOOKMARK [2][-]{subsection.1.7.22}{Type Fog }{section.1.7}
\BOOKMARK [2][-]{subsection.1.7.23}{Type Texture }{section.1.7}
\BOOKMARK [2][-]{subsection.1.7.24}{Type Viewport }{section.1.7}
\BOOKMARK [2][-]{subsection.1.7.25}{Type Video }{section.1.7}
\BOOKMARK [2][-]{subsection.1.7.26}{Type Display }{section.1.7}
\BOOKMARK [2][-]{subsection.1.7.27}{Function root }{section.1.7}
\BOOKMARK [2][-]{subsection.1.7.28}{Function DelObject }{section.1.7}
\BOOKMARK [2][-]{subsection.1.7.29}{Function SaveObject }{section.1.7}
\BOOKMARK [2][-]{subsection.1.7.30}{Function ReadObject }{section.1.7}
\BOOKMARK [1][-]{section.1.8}{UI Controls }{chapter.1}
\BOOKMARK [2][-]{subsection.1.8.1}{Type FrameControl }{section.1.8}
\BOOKMARK [2][-]{subsection.1.8.2}{Type TextControl }{section.1.8}
\BOOKMARK [2][-]{subsection.1.8.3}{Type ScalarControl }{section.1.8}
\BOOKMARK [2][-]{subsection.1.8.4}{Type EditControl }{section.1.8}
\BOOKMARK [2][-]{subsection.1.8.5}{Type ListControl }{section.1.8}
\BOOKMARK [2][-]{subsection.1.8.6}{Type CheckControl }{section.1.8}
\BOOKMARK [2][-]{subsection.1.8.7}{Type ButtonControl }{section.1.8}
\BOOKMARK [2][-]{subsection.1.8.8}{Type MenuControl }{section.1.8}
\BOOKMARK [2][-]{subsection.1.8.9}{Function ActivateControl }{section.1.8}
\BOOKMARK [1][-]{section.1.9}{Motions }{chapter.1}
\BOOKMARK [2][-]{subsection.1.9.1}{Type MotionTable }{section.1.9}
\BOOKMARK [2][-]{subsection.1.9.2}{Type MotionSpline }{section.1.9}
\BOOKMARK [2][-]{subsection.1.9.3}{Type MotionRotate }{section.1.9}
\BOOKMARK [2][-]{subsection.1.9.4}{Type MotionKepler }{section.1.9}
\BOOKMARK [2][-]{subsection.1.9.5}{Type MotionCyclOrbit }{section.1.9}
\BOOKMARK [2][-]{subsection.1.9.6}{Type MotionLuna }{section.1.9}
\BOOKMARK [2][-]{subsection.1.9.7}{Type MotionForceField }{section.1.9}
\BOOKMARK [2][-]{subsection.1.9.8}{Type MotionSolidCustom }{section.1.9}
\BOOKMARK [2][-]{subsection.1.9.9}{Type MotionPointCustom }{section.1.9}
\BOOKMARK [1][-]{section.1.10}{Input / Output }{chapter.1}
\BOOKMARK [2][-]{subsection.1.10.1}{Function UIGetAxisPos }{section.1.10}
\BOOKMARK [2][-]{subsection.1.10.2}{Function UIGetAxisActive }{section.1.10}
\BOOKMARK [2][-]{subsection.1.10.3}{Function UIIsKeyDown }{section.1.10}
\BOOKMARK [2][-]{subsection.1.10.4}{Function UIGetKeyPressed }{section.1.10}
\BOOKMARK [2][-]{subsection.1.10.5}{Function JoystickGetAxis }{section.1.10}
\BOOKMARK [2][-]{subsection.1.10.6}{Function JoystickGetAxisCorrected }{section.1.10}
\BOOKMARK [2][-]{subsection.1.10.7}{Function JoystickRockerPos }{section.1.10}
\BOOKMARK [2][-]{subsection.1.10.8}{Function JoystickButtonDown }{section.1.10}
\BOOKMARK [2][-]{subsection.1.10.9}{Function JoystickButtonClicked }{section.1.10}
\BOOKMARK [2][-]{subsection.1.10.10}{Function JoystickButtonLongClicked }{section.1.10}
\BOOKMARK [2][-]{subsection.1.10.11}{Function readtextfile }{section.1.10}
\BOOKMARK [2][-]{subsection.1.10.12}{Function writetextfile }{section.1.10}
\BOOKMARK [2][-]{subsection.1.10.13}{Function GetFileList }{section.1.10}
\BOOKMARK [1][-]{section.1.11}{Rendering }{chapter.1}
\BOOKMARK [2][-]{subsection.1.11.1}{Function resetall }{section.1.11}
\BOOKMARK [2][-]{subsection.1.11.2}{Function resetallscenes }{section.1.11}
\BOOKMARK [2][-]{subsection.1.11.3}{Function resetallviewports }{section.1.11}
\BOOKMARK [2][-]{subsection.1.11.4}{Function resetallvideos }{section.1.11}
\BOOKMARK [2][-]{subsection.1.11.5}{Function incrtime }{section.1.11}
\BOOKMARK [2][-]{subsection.1.11.6}{Function render }{section.1.11}
\BOOKMARK [1][-]{section.1.12}{General }{chapter.1}
\BOOKMARK [2][-]{subsection.1.12.1}{Function Store }{section.1.12}
\BOOKMARK [2][-]{subsection.1.12.2}{Function Recall }{section.1.12}
\BOOKMARK [2][-]{subsection.1.12.3}{Function ExecuteScript }{section.1.12}
\BOOKMARK [2][-]{subsection.1.12.4}{Function ScriptArgument }{section.1.12}
\BOOKMARK [2][-]{subsection.1.12.5}{Function ScriptFilename }{section.1.12}
\BOOKMARK [2][-]{subsection.1.12.6}{Function ScriptFilePath }{section.1.12}
\BOOKMARK [2][-]{subsection.1.12.7}{Function CatchedError }{section.1.12}
\BOOKMARK [2][-]{subsection.1.12.8}{Function ExecDir }{section.1.12}
\BOOKMARK [2][-]{subsection.1.12.9}{Function DataDir }{section.1.12}
\BOOKMARK [2][-]{subsection.1.12.10}{Function ScriptDir }{section.1.12}
\BOOKMARK [2][-]{subsection.1.12.11}{Function createvar }{section.1.12}
\BOOKMARK [2][-]{subsection.1.12.12}{Function Ref }{section.1.12}
\BOOKMARK [2][-]{subsection.1.12.13}{Function Deref }{section.1.12}
\BOOKMARK [2][-]{subsection.1.12.14}{Function typeof }{section.1.12}
\BOOKMARK [2][-]{subsection.1.12.15}{Function isdefined }{section.1.12}
\BOOKMARK [2][-]{subsection.1.12.16}{Function return }{section.1.12}
\BOOKMARK [2][-]{subsection.1.12.17}{Function Message }{section.1.12}
\BOOKMARK [2][-]{subsection.1.12.18}{Function EditText }{section.1.12}
\BOOKMARK [2][-]{subsection.1.12.19}{Function stop }{section.1.12}
\BOOKMARK [2][-]{subsection.1.12.20}{Function break }{section.1.12}
\BOOKMARK [2][-]{subsection.1.12.21}{Function Output }{section.1.12}
\BOOKMARK [2][-]{subsection.1.12.22}{Function Execute }{section.1.12}
\BOOKMARK [2][-]{subsection.1.12.23}{Function ExitProgram }{section.1.12}
\BOOKMARK [2][-]{subsection.1.12.24}{Function ShutdownComputer }{section.1.12}
\BOOKMARK [2][-]{subsection.1.12.25}{Function SetMonitorStatus }{section.1.12}
\BOOKMARK [2][-]{subsection.1.12.26}{Function GetFunctionList }{section.1.12}
\BOOKMARK [2][-]{subsection.1.12.27}{Function GetRawFunctionDescription }{section.1.12}
\BOOKMARK [2][-]{subsection.1.12.28}{Function SetRawFunctionDescription }{section.1.12}
\BOOKMARK [2][-]{subsection.1.12.29}{Function GetHighlightFuncID }{section.1.12}
\BOOKMARK [2][-]{subsection.1.12.30}{Function ExportFunctionDocumentation }{section.1.12}
