This is pdfTeX, Version 3.1415926-1.40.10 (MiKTeX 2.8) (preloaded format=pdflatex 2009.12.6)  6 DEC 2009 18:21
entering extended mode
**D:/3DCosmos/3DCosmos/scriptdoc.tex
(D:/3DCosmos/3DCosmos/scriptdoc.tex
LaTeX2e <2009/09/24>
Babel <v3.8l> and hyphenation patterns for english, dumylang, nohyphenation, ge
rman, ngerman, german-x-2009-06-19, ngerman-x-2009-06-19, french, loaded.
("C:\Program Files (x86)\MiKTeX 2.8\tex\latex\base\book.cls"
Document Class: book 2007/10/19 v1.4h Standard LaTeX document class
("C:\Program Files (x86)\MiKTeX 2.8\tex\latex\base\bk10.clo"
File: bk10.clo 2007/10/19 v1.4h Standard LaTeX file (size option)
)
\c@part=\count79
\c@chapter=\count80
\c@section=\count81
\c@subsection=\count82
\c@subsubsection=\count83
\c@paragraph=\count84
\c@subparagraph=\count85
\c@figure=\count86
\c@table=\count87
\abovecaptionskip=\skip41
\belowcaptionskip=\skip42
\bibindent=\dimen102
)
("C:\Program Files (x86)\MiKTeX 2.8\tex\latex\hyperref\hyperref.sty"
Package: hyperref 2009/10/19 v6.79b Hypertext links for LaTeX

("C:\Program Files (x86)\MiKTeX 2.8\tex\latex\graphics\keyval.sty"
Package: keyval 1999/03/16 v1.13 key=value parser (DPC)
\KV@toks@=\toks14
)
("C:\Program Files (x86)\MiKTeX 2.8\tex\generic\oberdiek\ifpdf.sty"
Package: ifpdf 2009/04/10 v2.0 Provides the ifpdf switch (HO)
Package ifpdf Info: pdfTeX in pdf mode detected.
)
("C:\Program Files (x86)\MiKTeX 2.8\tex\generic\oberdiek\ifvtex.sty"
Package: ifvtex 2008/11/04 v1.4 Switches for detecting VTeX and its modes (HO)
Package ifvtex Info: VTeX not detected.
)
("C:\Program Files (x86)\MiKTeX 2.8\tex\latex\ifxetex\ifxetex.sty"
Package: ifxetex 2009/01/23 v0.5 Provides ifxetex conditional
)
("C:\Program Files (x86)\MiKTeX 2.8\tex\latex\oberdiek\hycolor.sty"
Package: hycolor 2009/10/02 v1.5 Code for color options of hyperref/bookmark (H
O)

("C:\Program Files (x86)\MiKTeX 2.8\tex\latex\oberdiek\xcolor-patch.sty"
Package: xcolor-patch 2009/10/02 xcolor patch
))
\@linkdim=\dimen103
\Hy@linkcounter=\count88
\Hy@pagecounter=\count89

("C:\Program Files (x86)\MiKTeX 2.8\tex\latex\hyperref\pd1enc.def"
File: pd1enc.def 2009/10/19 v6.79b Hyperref: PDFDocEncoding definition (HO)
)
("C:\Program Files (x86)\MiKTeX 2.8\tex\generic\oberdiek\etexcmds.sty"
Package: etexcmds 2007/12/12 v1.2 Prefix for e-TeX command names (HO)

("C:\Program Files (x86)\MiKTeX 2.8\tex\generic\oberdiek\infwarerr.sty"
Package: infwarerr 2007/09/09 v1.2 Providing info/warning/message (HO)
)
Package etexcmds Info: Could not find \expanded.
(etexcmds)             That can mean that you are not using pdfTeX 1.50 or
(etexcmds)             that some package has redefined \expanded.
(etexcmds)             In the latter case, load this package earlier.
)
("C:\Program Files (x86)\MiKTeX 2.8\tex\latex\00miktex\hyperref.cfg"
File: hyperref.cfg 2002/06/06 v1.2 hyperref configuration of TeXLive
)
("C:\Program Files (x86)\MiKTeX 2.8\tex\latex\oberdiek\kvoptions.sty"
Package: kvoptions 2009/08/13 v3.4 Keyval support for LaTeX options (HO)

("C:\Program Files (x86)\MiKTeX 2.8\tex\generic\oberdiek\kvsetkeys.sty"
Package: kvsetkeys 2009/07/30 v1.5 Key value parser with default handler suppor
t (HO)
))
Package hyperref Info: Hyper figures OFF on input line 2975.
Package hyperref Info: Link nesting OFF on input line 2980.
Package hyperref Info: Hyper index ON on input line 2983.
Package hyperref Info: Plain pages OFF on input line 2990.
Package hyperref Info: Backreferencing OFF on input line 2995.

Implicit mode ON; LaTeX internals redefined
Package hyperref Info: Bookmarks ON on input line 3191.
("C:\Program Files (x86)\MiKTeX 2.8\tex\latex\ltxmisc\url.sty"
\Urlmuskip=\muskip10
Package: url 2006/04/12  ver 3.3  Verb mode for urls, etc.
)
LaTeX Info: Redefining \url on input line 3428.

("C:\Program Files (x86)\MiKTeX 2.8\tex\generic\oberdiek\bitset.sty"
Package: bitset 2007/09/28 v1.0 Data type bit set (HO)

("C:\Program Files (x86)\MiKTeX 2.8\tex\generic\oberdiek\intcalc.sty"
Package: intcalc 2007/09/27 v1.1 Expandable integer calculations (HO)
)
("C:\Program Files (x86)\MiKTeX 2.8\tex\generic\oberdiek\bigintcalc.sty"
Package: bigintcalc 2007/11/11 v1.1 Expandable big integer calculations (HO)

("C:\Program Files (x86)\MiKTeX 2.8\tex\generic\oberdiek\pdftexcmds.sty"
Package: pdftexcmds 2009/09/23 v0.6 LuaTeX support for pdfTeX utility functions
 (HO)

("C:\Program Files (x86)\MiKTeX 2.8\tex\generic\oberdiek\ifluatex.sty"
Package: ifluatex 2009/04/17 v1.2 Provides the ifluatex switch (HO)
Package ifluatex Info: LuaTeX not detected.
)
("C:\Program Files (x86)\MiKTeX 2.8\tex\generic\oberdiek\ltxcmds.sty"
Package: ltxcmds 2009/08/05 v1.0 Some LaTeX kernel commands for general use (HO
)
)
Package pdftexcmds Info: LuaTeX not detected.
Package pdftexcmds Info: \pdf@primitive is available.
Package pdftexcmds Info: \pdf@ifprimitive is available.
)))
\Fld@menulength=\count90
\Field@Width=\dimen104
\Fld@charsize=\dimen105
\Field@toks=\toks15
Package hyperref Info: Hyper figures OFF on input line 4377.
Package hyperref Info: Link nesting OFF on input line 4382.
Package hyperref Info: Hyper index ON on input line 4385.
Package hyperref Info: backreferencing OFF on input line 4392.
Package hyperref Info: Link coloring OFF on input line 4397.
Package hyperref Info: Link coloring with OCG OFF on input line 4402.
Package hyperref Info: PDF/A mode OFF on input line 4407.

("C:\Program Files (x86)\MiKTeX 2.8\tex\generic\oberdiek\atbegshi.sty"
Package: atbegshi 2008/07/31 v1.9 At begin shipout hook (HO)
)
\Hy@abspage=\count91
\c@Item=\count92
\c@Hfootnote=\count93
)
*hyperref using default driver hpdftex*
("C:\Program Files (x86)\MiKTeX 2.8\tex\latex\hyperref\hpdftex.def"
File: hpdftex.def 2009/10/19 v6.79b Hyperref driver for pdfTeX
\Fld@listcount=\count94
)
Package hyperref Info: Option `colorlinks' set `true' on input line 3.

(D:\3DCosmos\3DCosmos\scriptdoc.aux

LaTeX Warning: Label `T:RenderType|RenderSingle' multiply defined.


LaTeX Warning: Label `T:RenderType|RenderDual' multiply defined.


LaTeX Warning: Label `T:RenderType|RenderMultithreaded' multiply defined.


LaTeX Warning: Label `T:SubFrameType|SubFrameNormal' multiply defined.


LaTeX Warning: Label `T:SubFrameType|SubFrameViewDir' multiply defined.


LaTeX Warning: Label `T:SubFrameType|SubFrameScreen' multiply defined.


LaTeX Warning: Label `T:BlendType|BlendNormal' multiply defined.


LaTeX Warning: Label `T:BlendType|BlendTranslucent' multiply defined.


LaTeX Warning: Label `T:BlendType|BlendTransparent' multiply defined.


LaTeX Warning: Label `T:DepthMask|DepthMaskNormal' multiply defined.


LaTeX Warning: Label `T:DepthMask|DepthMaskEnable' multiply defined.


LaTeX Warning: Label `T:DepthMask|DepthMaskDisable' multiply defined.


LaTeX Warning: Label `T:DepthTest|DepthTestNormal' multiply defined.


LaTeX Warning: Label `T:DepthTest|DepthTestEnable' multiply defined.


LaTeX Warning: Label `T:DepthTest|DepthTestDisable' multiply defined.


LaTeX Warning: Label `T:BlendType|BlendNormal' multiply defined.


LaTeX Warning: Label `T:BlendType|BlendTranslucent' multiply defined.


LaTeX Warning: Label `T:BlendType|BlendTransparent' multiply defined.


LaTeX Warning: Label `T:DepthMask|DepthMaskNormal' multiply defined.


LaTeX Warning: Label `T:DepthMask|DepthMaskEnable' multiply defined.


LaTeX Warning: Label `T:DepthMask|DepthMaskDisable' multiply defined.


LaTeX Warning: Label `T:DepthTest|DepthTestNormal' multiply defined.


LaTeX Warning: Label `T:DepthTest|DepthTestEnable' multiply defined.


LaTeX Warning: Label `T:DepthTest|DepthTestDisable' multiply defined.


LaTeX Warning: Label `T:BlendType|BlendNormal' multiply defined.


LaTeX Warning: Label `T:BlendType|BlendTranslucent' multiply defined.


LaTeX Warning: Label `T:BlendType|BlendTransparent' multiply defined.


LaTeX Warning: Label `T:DepthMask|DepthMaskNormal' multiply defined.


LaTeX Warning: Label `T:DepthMask|DepthMaskEnable' multiply defined.


LaTeX Warning: Label `T:DepthMask|DepthMaskDisable' multiply defined.


LaTeX Warning: Label `T:DepthTest|DepthTestNormal' multiply defined.


LaTeX Warning: Label `T:DepthTest|DepthTestEnable' multiply defined.


LaTeX Warning: Label `T:DepthTest|DepthTestDisable' multiply defined.


LaTeX Warning: Label `T:BlendType|BlendNormal' multiply defined.


LaTeX Warning: Label `T:BlendType|BlendTranslucent' multiply defined.


LaTeX Warning: Label `T:BlendType|BlendTransparent' multiply defined.


LaTeX Warning: Label `T:DepthMask|DepthMaskNormal' multiply defined.


LaTeX Warning: Label `T:DepthMask|DepthMaskEnable' multiply defined.


LaTeX Warning: Label `T:DepthMask|DepthMaskDisable' multiply defined.


LaTeX Warning: Label `T:DepthTest|DepthTestNormal' multiply defined.


LaTeX Warning: Label `T:DepthTest|DepthTestEnable' multiply defined.


LaTeX Warning: Label `T:DepthTest|DepthTestDisable' multiply defined.


LaTeX Warning: Label `T:BlendType|BlendNormal' multiply defined.


LaTeX Warning: Label `T:BlendType|BlendTranslucent' multiply defined.


LaTeX Warning: Label `T:BlendType|BlendTransparent' multiply defined.


LaTeX Warning: Label `T:DepthMask|DepthMaskNormal' multiply defined.


LaTeX Warning: Label `T:DepthMask|DepthMaskEnable' multiply defined.


LaTeX Warning: Label `T:DepthMask|DepthMaskDisable' multiply defined.


LaTeX Warning: Label `T:DepthTest|DepthTestNormal' multiply defined.


LaTeX Warning: Label `T:DepthTest|DepthTestEnable' multiply defined.


LaTeX Warning: Label `T:DepthTest|DepthTestDisable' multiply defined.


LaTeX Warning: Label `T:BlendType|BlendNormal' multiply defined.


LaTeX Warning: Label `T:BlendType|BlendTranslucent' multiply defined.


LaTeX Warning: Label `T:BlendType|BlendTransparent' multiply defined.


LaTeX Warning: Label `T:DepthMask|DepthMaskNormal' multiply defined.


LaTeX Warning: Label `T:DepthMask|DepthMaskEnable' multiply defined.


LaTeX Warning: Label `T:DepthMask|DepthMaskDisable' multiply defined.


LaTeX Warning: Label `T:DepthTest|DepthTestNormal' multiply defined.


LaTeX Warning: Label `T:DepthTest|DepthTestEnable' multiply defined.


LaTeX Warning: Label `T:DepthTest|DepthTestDisable' multiply defined.


LaTeX Warning: Label `T:BlendType|BlendNormal' multiply defined.


LaTeX Warning: Label `T:BlendType|BlendTranslucent' multiply defined.


LaTeX Warning: Label `T:BlendType|BlendTransparent' multiply defined.


LaTeX Warning: Label `T:DepthMask|DepthMaskNormal' multiply defined.


LaTeX Warning: Label `T:DepthMask|DepthMaskEnable' multiply defined.


LaTeX Warning: Label `T:DepthMask|DepthMaskDisable' multiply defined.


LaTeX Warning: Label `T:DepthTest|DepthTestNormal' multiply defined.


LaTeX Warning: Label `T:DepthTest|DepthTestEnable' multiply defined.


LaTeX Warning: Label `T:DepthTest|DepthTestDisable' multiply defined.


LaTeX Warning: Label `T:BlendType|BlendNormal' multiply defined.


LaTeX Warning: Label `T:BlendType|BlendTranslucent' multiply defined.


LaTeX Warning: Label `T:BlendType|BlendTransparent' multiply defined.


LaTeX Warning: Label `T:DepthMask|DepthMaskNormal' multiply defined.


LaTeX Warning: Label `T:DepthMask|DepthMaskEnable' multiply defined.


LaTeX Warning: Label `T:DepthMask|DepthMaskDisable' multiply defined.


LaTeX Warning: Label `T:DepthTest|DepthTestNormal' multiply defined.


LaTeX Warning: Label `T:DepthTest|DepthTestEnable' multiply defined.


LaTeX Warning: Label `T:DepthTest|DepthTestDisable' multiply defined.


LaTeX Warning: Label `T:BlendType|BlendNormal' multiply defined.


LaTeX Warning: Label `T:BlendType|BlendTranslucent' multiply defined.


LaTeX Warning: Label `T:BlendType|BlendTransparent' multiply defined.


LaTeX Warning: Label `T:DepthMask|DepthMaskNormal' multiply defined.


LaTeX Warning: Label `T:DepthMask|DepthMaskEnable' multiply defined.


LaTeX Warning: Label `T:DepthMask|DepthMaskDisable' multiply defined.


LaTeX Warning: Label `T:DepthTest|DepthTestNormal' multiply defined.


LaTeX Warning: Label `T:DepthTest|DepthTestEnable' multiply defined.


LaTeX Warning: Label `T:DepthTest|DepthTestDisable' multiply defined.


LaTeX Warning: Label `T:BlendType|BlendNormal' multiply defined.


LaTeX Warning: Label `T:BlendType|BlendTranslucent' multiply defined.


LaTeX Warning: Label `T:BlendType|BlendTransparent' multiply defined.


LaTeX Warning: Label `T:DepthMask|DepthMaskNormal' multiply defined.


LaTeX Warning: Label `T:DepthMask|DepthMaskEnable' multiply defined.


LaTeX Warning: Label `T:DepthMask|DepthMaskDisable' multiply defined.


LaTeX Warning: Label `T:DepthTest|DepthTestNormal' multiply defined.


LaTeX Warning: Label `T:DepthTest|DepthTestEnable' multiply defined.


LaTeX Warning: Label `T:DepthTest|DepthTestDisable' multiply defined.


LaTeX Warning: Label `T:BlendType|BlendNormal' multiply defined.


LaTeX Warning: Label `T:BlendType|BlendTranslucent' multiply defined.


LaTeX Warning: Label `T:BlendType|BlendTransparent' multiply defined.


LaTeX Warning: Label `T:DepthMask|DepthMaskNormal' multiply defined.


LaTeX Warning: Label `T:DepthMask|DepthMaskEnable' multiply defined.


LaTeX Warning: Label `T:DepthMask|DepthMaskDisable' multiply defined.


LaTeX Warning: Label `T:DepthTest|DepthTestNormal' multiply defined.


LaTeX Warning: Label `T:DepthTest|DepthTestEnable' multiply defined.


LaTeX Warning: Label `T:DepthTest|DepthTestDisable' multiply defined.


LaTeX Warning: Label `T:BlendType|BlendNormal' multiply defined.


LaTeX Warning: Label `T:BlendType|BlendTranslucent' multiply defined.


LaTeX Warning: Label `T:BlendType|BlendTransparent' multiply defined.


LaTeX Warning: Label `T:DepthMask|DepthMaskNormal' multiply defined.


LaTeX Warning: Label `T:DepthMask|DepthMaskEnable' multiply defined.


LaTeX Warning: Label `T:DepthMask|DepthMaskDisable' multiply defined.


LaTeX Warning: Label `T:DepthTest|DepthTestNormal' multiply defined.


LaTeX Warning: Label `T:DepthTest|DepthTestEnable' multiply defined.


LaTeX Warning: Label `T:DepthTest|DepthTestDisable' multiply defined.


LaTeX Warning: Label `T:BlendType|BlendNormal' multiply defined.


LaTeX Warning: Label `T:BlendType|BlendTranslucent' multiply defined.


LaTeX Warning: Label `T:BlendType|BlendTransparent' multiply defined.


LaTeX Warning: Label `T:DepthMask|DepthMaskNormal' multiply defined.


LaTeX Warning: Label `T:DepthMask|DepthMaskEnable' multiply defined.


LaTeX Warning: Label `T:DepthMask|DepthMaskDisable' multiply defined.


LaTeX Warning: Label `T:DepthTest|DepthTestNormal' multiply defined.


LaTeX Warning: Label `T:DepthTest|DepthTestEnable' multiply defined.


LaTeX Warning: Label `T:DepthTest|DepthTestDisable' multiply defined.


LaTeX Warning: Label `T:CurveRenderType|CurveRenderNormal' multiply defined.


LaTeX Warning: Label `T:CurveRenderType|CurveRenderSmooth' multiply defined.


LaTeX Warning: Label `T:CurveRenderType|CurveRenderRibbon' multiply defined.


LaTeX Warning: Label `T:CurveRenderType|CurveRenderTube' multiply defined.


LaTeX Warning: Label `T:CurveRenderType|CurveRenderCube' multiply defined.


LaTeX Warning: Label `T:CurveRenderType|CurveRenderDot' multiply defined.


LaTeX Warning: Label `T:CurveRenderType|CurveRenderDash' multiply defined.


LaTeX Warning: Label `T:CurveRenderType|CurveRenderDashDot' multiply defined.


LaTeX Warning: Label `T:BlendType|BlendNormal' multiply defined.


LaTeX Warning: Label `T:BlendType|BlendTranslucent' multiply defined.


LaTeX Warning: Label `T:BlendType|BlendTransparent' multiply defined.


LaTeX Warning: Label `T:DepthMask|DepthMaskNormal' multiply defined.


LaTeX Warning: Label `T:DepthMask|DepthMaskEnable' multiply defined.


LaTeX Warning: Label `T:DepthMask|DepthMaskDisable' multiply defined.


LaTeX Warning: Label `T:DepthTest|DepthTestNormal' multiply defined.


LaTeX Warning: Label `T:DepthTest|DepthTestEnable' multiply defined.


LaTeX Warning: Label `T:DepthTest|DepthTestDisable' multiply defined.


LaTeX Warning: Label `T:BlendType|BlendNormal' multiply defined.


LaTeX Warning: Label `T:BlendType|BlendTranslucent' multiply defined.


LaTeX Warning: Label `T:BlendType|BlendTransparent' multiply defined.


LaTeX Warning: Label `T:DepthMask|DepthMaskNormal' multiply defined.


LaTeX Warning: Label `T:DepthMask|DepthMaskEnable' multiply defined.


LaTeX Warning: Label `T:DepthMask|DepthMaskDisable' multiply defined.


LaTeX Warning: Label `T:DepthTest|DepthTestNormal' multiply defined.


LaTeX Warning: Label `T:DepthTest|DepthTestEnable' multiply defined.


LaTeX Warning: Label `T:DepthTest|DepthTestDisable' multiply defined.


LaTeX Warning: Label `T:ClockType|ClockTypeAnalog' multiply defined.


LaTeX Warning: Label `T:ClockType|ClockTypeDigital' multiply defined.


LaTeX Warning: Label `T:ClockType|ClockTypeCalendar' multiply defined.


LaTeX Warning: Label `T:ClockType|ClockTypeDate' multiply defined.


LaTeX Warning: Label `T:ClockType|ClockTypeDateTime' multiply defined.


LaTeX Warning: Label `T:PEngineRenderType|PengineRenderQuads' multiply defined.



LaTeX Warning: Label `T:PEngineRenderType|PengineRenderPoints' multiply defined
.


LaTeX Warning: Label `T:BlendType|BlendNormal' multiply defined.


LaTeX Warning: Label `T:BlendType|BlendTranslucent' multiply defined.


LaTeX Warning: Label `T:BlendType|BlendTransparent' multiply defined.


LaTeX Warning: Label `T:DepthMask|DepthMaskNormal' multiply defined.


LaTeX Warning: Label `T:DepthMask|DepthMaskEnable' multiply defined.


LaTeX Warning: Label `T:DepthMask|DepthMaskDisable' multiply defined.


LaTeX Warning: Label `T:FogType|FogNone' multiply defined.


LaTeX Warning: Label `T:FogType|FogExponential' multiply defined.


LaTeX Warning: Label `T:FogType|FogExponentialSq' multiply defined.


LaTeX Warning: Label `T:FogType|FogLinear' multiply defined.


LaTeX Warning: Label `T:InterpolType|InterpolLinear' multiply defined.


LaTeX Warning: Label `T:InterpolType|InterpolQuad' multiply defined.


LaTeX Warning: Label `T:TimeType|UT0' multiply defined.


LaTeX Warning: Label `T:TimeType|ST0' multiply defined.

)
LaTeX Font Info:    Checking defaults for OML/cmm/m/it on input line 8.
LaTeX Font Info:    ... okay on input line 8.
LaTeX Font Info:    Checking defaults for T1/cmr/m/n on input line 8.
LaTeX Font Info:    ... okay on input line 8.
LaTeX Font Info:    Checking defaults for OT1/cmr/m/n on input line 8.
LaTeX Font Info:    ... okay on input line 8.
LaTeX Font Info:    Checking defaults for OMS/cmsy/m/n on input line 8.
LaTeX Font Info:    ... okay on input line 8.
LaTeX Font Info:    Checking defaults for OMX/cmex/m/n on input line 8.
LaTeX Font Info:    ... okay on input line 8.
LaTeX Font Info:    Checking defaults for U/cmr/m/n on input line 8.
LaTeX Font Info:    ... okay on input line 8.
LaTeX Font Info:    Checking defaults for PD1/pdf/m/n on input line 8.
LaTeX Font Info:    ... okay on input line 8.
 ("C:\Program Files (x86)\MiKTeX 2.8\tex\latex\graphics\color.sty"
Package: color 2005/11/14 v1.0j Standard LaTeX Color (DPC)

("C:\Program Files (x86)\MiKTeX 2.8\tex\latex\00miktex\color.cfg"
File: color.cfg 2007/01/18 v1.5 color configuration of teTeX/TeXLive
)
Package color Info: Driver file: pdftex.def on input line 130.

("C:\Program Files (x86)\MiKTeX 2.8\tex\latex\pdftex-def\pdftex.def"
File: pdftex.def 2009/08/25 v0.04m Graphics/color for pdfTeX
\Gread@gobject=\count95

("C:\Program Files (x86)\MiKTeX 2.8\tex\context\base\supp-pdf.tex"
[Loading MPS to PDF converter (version 2006.09.02).]
\scratchcounter=\count96
\scratchdimen=\dimen106
\scratchbox=\box26
\nofMPsegments=\count97
\nofMParguments=\count98
\everyMPshowfont=\toks16
\MPscratchCnt=\count99
\MPscratchDim=\dimen107
\MPnumerator=\count100
\everyMPtoPDFconversion=\toks17
)))
Package hyperref Info: Link coloring ON on input line 8.
 ("C:\Program Files (x86)\MiKTeX 2.8\tex\latex\hyperref\nameref.sty"
Package: nameref 2007/05/29 v2.31 Cross-referencing by name of section

("C:\Program Files (x86)\MiKTeX 2.8\tex\latex\oberdiek\refcount.sty"
Package: refcount 2008/08/11 v3.1 Data extraction from references (HO)
)
\c@section@level=\count101
)
LaTeX Info: Redefining \ref on input line 8.
LaTeX Info: Redefining \pageref on input line 8.

(D:\3DCosmos\3DCosmos\scriptdoc.out) (D:\3DCosmos\3DCosmos\scriptdoc.out)
\@outlinefile=\write3
\AtBeginShipoutBox=\box27

Chapter 1.
[1


{C:/ProgramData/MiKTeX/2.8/pdftex/config/pdftex.map}]
LaTeX Font Info:    External font `cmex10' loaded for size
(Font)              <7> on input line 42.
LaTeX Font Info:    External font `cmex10' loaded for size
(Font)              <5> on input line 42.
 [2] [3] [4] [5]
[6] [7]
Underfull \hbox (badness 10000) in paragraph at lines 272--280

 []

[8]
Underfull \hbox (badness 10000) in paragraph at lines 309--313

 []

[9]
Overfull \hbox (32.9967pt too wide) in paragraph at lines 348--353
\OT1/cmtt/m/n/10 mp=map("Item1":"String1","Item2":"String2","Item3":42); result
=mp.Item2;
 []


Underfull \hbox (badness 10000) in paragraph at lines 348--353

 []

[10] [11] [12] [13] [14] [15] [16] [17] [18] [19] [20] [21] [22]
Underfull \hbox (badness 10000) in paragraph at lines 817--822

 []

[23] [24] [25] [26]
Underfull \hbox (badness 10000) in paragraph at lines 983--988

 []


Underfull \hbox (badness 10000) in paragraph at lines 989--994

 []

[27] [28] [29] [30]
LaTeX Font Info:    Try loading font information for OMS+cmr on input line 1183
.
 ("C:\Program Files (x86)\MiKTeX 2.8\tex\latex\base\omscmr.fd"
File: omscmr.fd 1999/05/25 v2.5h Standard LaTeX font definitions
)
LaTeX Font Info:    Font shape `OMS/cmr/m/n' in size <10> not available
(Font)              Font shape `OMS/cmsy/m/n' tried instead on input line 1183.

 [31]
Overfull \hbox (6.00659pt too wide) in paragraph at lines 1225--1227
[]\OT1/cmr/m/n/10 The sur-face is de-fined as an in-ter-po-la-tion over two pa-
ram-e-ters $\OML/cmm/m/it/10 i[]; i[]$\OT1/cmr/m/n/10 : $[](\OML/cmm/m/it/10 i[
]; i[]\OT1/cmr/m/n/10 ) =$
 []

[32] [33] [34] [35] [36] [37]
Underfull \hbox (badness 10000) in paragraph at lines 1408--1415

 []


Underfull \hbox (badness 10000) in paragraph at lines 1426--1431

 []

[38]
Underfull \hbox (badness 10000) in paragraph at lines 1452--1457

 []

[39]
Underfull \hbox (badness 10000) in paragraph at lines 1463--1472

 []


Underfull \hbox (badness 10000) in paragraph at lines 1463--1472

 []


Underfull \hbox (badness 10000) in paragraph at lines 1477--1482

 []

[40] [41]
Underfull \hbox (badness 10000) in paragraph at lines 1526--1534

 []

[42] [43] [44] [45] [46] [47] [48] [49] [50]

LaTeX Warning: Hyper reference `Object tree:Geometric objects' on page 51 undef
ined on input line 1840.


LaTeX Warning: Reference `Object tree:Geometric objects' on page 51 undefined o
n input line 1840.


LaTeX Warning: Reference `Object tree:Geometric objects' on page 51 undefined o
n input line 1840.


LaTeX Warning: Hyper reference `Object tree:Special objects' on page 51 undefin
ed on input line 1840.


LaTeX Warning: Reference `Object tree:Special objects' on page 51 undefined on 
input line 1840.


LaTeX Warning: Reference `Object tree:Special objects' on page 51 undefined on 
input line 1840.


Overfull \hbox (32.9967pt too wide) in paragraph at lines 1842--1846
\OT1/cmtt/m/n/10 fr.add("sphere","Name":"Sphere01","Position":point(1,2,2),"Rad
ius":1.7); 
 []


Underfull \hbox (badness 10000) in paragraph at lines 1842--1846

 []

[51] [52] [53] [54] [55] [56] [57]

LaTeX Warning: Hyper reference `T:FlatContourset' on page 58 undefined on input
 line 2043.


LaTeX Warning: Reference `T:FlatContourset' on page 58 undefined on input line 
2043.


LaTeX Warning: Reference `T:FlatContourset' on page 58 undefined on input line 
2043.


Overfull \hbox (127.49588pt too wide) in paragraph at lines 2061--2066
\OT1/cmtt/m/n/10 fnc=functor("color(p.x,1-p.x,0)","p"); ob.GenerateVertexProper
ty(fnc,VertexPropertyColor); 
 []


Underfull \hbox (badness 10000) in paragraph at lines 2061--2066

 []

[58] [59] [60] [61] [62] [63] [64] [65] [66] [67] [68] [69] [70] [71] [72]
[73] [74] [75] [76] [77] [78] [79] [80] [81] [82] [83] [84] [85] [86] [87]
[88] [89] [90] [91] [92] [93] [94] [95] [96] [97] [98] [99] [100] [101]
[102] [103]

LaTeX Warning: Hyper reference `T:functor' on page 104 undefined on input line 
3570.


LaTeX Warning: Reference `T:functor' on page 104 undefined on input line 3570.


LaTeX Warning: Reference `T:functor' on page 104 undefined on input line 3570.


Underfull \hbox (badness 10000) in paragraph at lines 3574--3579

 []

[104]

LaTeX Warning: Hyper reference `T:functor' on page 105 undefined on input line 
3586.


LaTeX Warning: Reference `T:functor' on page 105 undefined on input line 3586.


LaTeX Warning: Reference `T:functor' on page 105 undefined on input line 3586.


Underfull \hbox (badness 10000) in paragraph at lines 3588--3593

 []

[105] [106] [107] [108] [109] [110] [111]
Underfull \hbox (badness 10000) in paragraph at lines 3807--3812

 []


Overfull \hbox (4.27837pt too wide) in paragraph at lines 3826--3828
\OT1/cmr/m/n/10 This func-tion stops the track-ing of an-other ob-ject (see als
o [][][][]Curve.Track [][] ([][]1.7.16[][])[][]). 
 []

[112] [113] [114] [115] [116] [117] [118] [119] [120] [121] [122] [123]
Overfull \hbox (21.63957pt too wide) in paragraph at lines 4206--4208
[]\OT1/cmr/m/n/10 Using a global equa-tion that de-ter-mines the laws of mo-tio
n (see [][][][]PEngine.motion
 []

[124] [125] [126]
Overfull \hbox (29.69504pt too wide) in paragraph at lines 4341--4343
\OT1/cmr/m/n/10 Returns or sets the po-si-tion of a par-ti-cle at a spe-cific f
rame (see also [][][][]PEngine.AddFrame
 []


Overfull \hbox (7.38943pt too wide) in paragraph at lines 4345--4347
\OT1/cmr/m/n/10 Returns or sets the color of a par-ti-cle at a given frame (see
 also [][][][]PEngine.AddFrame
 []

[127] [128] [129] [130] [131] [132]

LaTeX Warning: Hyper reference `T:scene' on page 133 undefined on input line 45
54.


LaTeX Warning: Reference `T:scene' on page 133 undefined on input line 4554.


LaTeX Warning: Reference `T:scene' on page 133 undefined on input line 4554.

[133]
Overfull \hbox (2.8462pt too wide) in paragraph at lines 4565--4567
\OT1/cmr/m/n/10 Viewport \OT1/cmr/bx/n/10 ad-dview-port \OT1/cmr/m/n/10 ( Scala
r \OT1/cmr/m/it/10 XMin-Frac\OT1/cmr/m/n/10 , Scalar \OT1/cmr/m/it/10 YMin-Frac
\OT1/cmr/m/n/10 , Scalar \OT1/cmr/m/it/10 XMaxFrac\OT1/cmr/m/n/10 ,
 []


Underfull \hbox (badness 10000) in paragraph at lines 4571--4589

 []


Underfull \hbox (badness 10000) in paragraph at lines 4571--4589

 []


Underfull \hbox (badness 10000) in paragraph at lines 4571--4589

 []


Overfull \hbox (11.99689pt too wide) in paragraph at lines 4571--4589
\OT1/cmtt/m/n/10 s=rootframe.add("bar","position":point(0,0,1),"color":color(1,
1,1)); 
 []


Underfull \hbox (badness 10000) in paragraph at lines 4571--4589

 []

[134] [135] [136] [137]
Underfull \hbox (badness 10000) in paragraph at lines 4702--4710

 []

[138] [139] [140] [141] [142] [143] [144] [145] [146] [147] [148] [149]
[150] [151] [152] [153] [154] [155]

LaTeX Warning: Hyper reference `T:functor' on page 156 undefined on input line 
5380.


LaTeX Warning: Reference `T:functor' on page 156 undefined on input line 5380.


LaTeX Warning: Reference `T:functor' on page 156 undefined on input line 5380.

[156] [157] [158] [159]
Underfull \hbox (badness 10000) in paragraph at lines 5521--5527

 []


Underfull \hbox (badness 10000) in paragraph at lines 5521--5527

 []

[160] [161] [162] [163] [164] (D:\3DCosmos\3DCosmos\scriptdoc.aux)

LaTeX Warning: There were undefined references.


LaTeX Warning: There were multiply-defined labels.

 ) 
Here is how much of TeX's memory you used:
 6854 strings out of 495285
 104233 string characters out of 3179881
 215632 words of memory out of 3000000
 8518 multiletter control sequences out of 15000+200000
 6938 words of font info for 25 fonts, out of 3000000 for 9000
 14 hyphenation exceptions out of 8191
 38i,6n,36p,516b,362s stack positions out of 5000i,500n,10000p,200000b,50000s
pdfTeX warning (dest): name{??} has been referenced but does not exist, repla
ced by a fixed one

<C:/Program Files (x86)/MiKTeX 2.8/fonts/type1/public/amsfonts/cm/cmbx10.pfb><C
:/Program Files (x86)/MiKTeX 2.8/fonts/type1/public/amsfonts/cm/cmbx12.pfb><C:/
Program Files (x86)/MiKTeX 2.8/fonts/type1/public/amsfonts/cm/cmex10.pfb><C:/Pr
ogram Files (x86)/MiKTeX 2.8/fonts/type1/public/amsfonts/cm/cmmi10.pfb><C:/Prog
ram Files (x86)/MiKTeX 2.8/fonts/type1/public/amsfonts/cm/cmmi7.pfb><C:/Program
 Files (x86)/MiKTeX 2.8/fonts/type1/public/amsfonts/cm/cmr10.pfb><C:/Program Fi
les (x86)/MiKTeX 2.8/fonts/type1/public/amsfonts/cm/cmr7.pfb><C:/Program Files 
(x86)/MiKTeX 2.8/fonts/type1/public/amsfonts/cm/cmsl10.pfb><C:/Program Files (x
86)/MiKTeX 2.8/fonts/type1/public/amsfonts/cm/cmsy10.pfb><C:/Program Files (x86
)/MiKTeX 2.8/fonts/type1/public/amsfonts/cm/cmti10.pfb><C:/Program Files (x86)/
MiKTeX 2.8/fonts/type1/public/amsfonts/cm/cmtt10.pfb>
Output written on scriptdoc.pdf (164 pages, 836728 bytes).
PDF statistics:
 3648 PDF objects out of 4296 (max. 8388607)
 1517 named destinations out of 1728 (max. 500000)
 1329 words of extra memory for PDF output out of 10000 (max. 10000000)

